<?xml version="1.0" encoding="UTF-8"?>
<!-- Generated by org.testng.reporters.JUnitXMLReporter -->
<testsuite ignored="0" hostname="Guhananthans-MacBook-Pro.local" failures="0" tests="5" name="Default test" time="0.047" errors="0" timestamp="2023-04-11T12:29:32 IST">
  <testcase classname="testNG.day4" name="APILoginHomeLoan" time="0.005"/>
  <testcase classname="testNG.day4" name="mobileLoginHomeLoan" time="0.001"/>
  <testcase classname="testNG.day4" name="mobileSignOutHomeLoan" time="0.001"/>
  <testcase classname="testNG.day4" name="webLoginHomeLoan" time="0.001"/>
  <testcase classname="testNG.day4" name="mobileSignInHomeLoan" time="0.001"/>
</testsuite> <!-- Default test -->
