<?xml version="1.0" encoding="UTF-8"?>
<!-- Generated by org.testng.reporters.JUnitXMLReporter -->
<testsuite ignored="3" hostname="Guhananthans-MacBook-Pro.local" failures="0" tests="2" name="Car Loan" time="0.006" errors="0" timestamp="2023-04-11T13:03:29 IST">
  <testcase classname="testNG.day3" name="APILoginCarLoan" time="0.001"/>
  <testcase classname="testNG.day3" name="webLoginCarLoan" time="0.0"/>
  <testcase classname="testNG.day3" name="mobileLoginCarLoan" time="0.0">
    <ignored/>
  </testcase> <!-- mobileLoginCarLoan -->
  <testcase classname="testNG.day3" name="mobileSignINCarLoan" time="0.0">
    <ignored/>
  </testcase> <!-- mobileSignINCarLoan -->
  <testcase classname="testNG.day3" name="mobileSignOutCarLoan" time="0.0">
    <ignored/>
  </testcase> <!-- mobileSignOutCarLoan -->
</testsuite> <!-- Car Loan -->
