<?xml version="1.0" encoding="UTF-8"?>
<!-- Generated by org.testng.reporters.JUnitXMLReporter -->
<testsuite ignored="1" hostname="Guhananthans-MacBook-Pro.local" failures="0" tests="7" name="Personal Loan" time="0.044" errors="0" timestamp="2023-05-12T16:29:33 IST">
  <testcase classname="testNG.day1" name="Demo" time="0.004"/>
  <testcase classname="testNG.day1" name="secondTest" time="0.0"/>
  <testcase classname="testNG.day2" name="ploan" time="0.001"/>
  <testcase classname="testNG.day4" name="mobileLoginHomeLoan" time="0.0"/>
  <testcase classname="testNG.day4" name="mobileSignOutHomeLoan" time="0.001"/>
  <testcase classname="testNG.day4" name="webLoginHomeLoan" time="0.001"/>
  <testcase classname="testNG.day4" name="mobileSignInHomeLoan" time="0.0"/>
  <testcase classname="testNG.day4" name="APILoginHomeLoan" time="0.0">
    <ignored/>
  </testcase> <!-- APILoginHomeLoan -->
</testsuite> <!-- Personal Loan -->
