<?xml version="1.0" encoding="UTF-8"?>
<!-- Generated by org.testng.reporters.JUnitXMLReporter -->
<testsuite ignored="10" hostname="Guhananthans-MacBook-Pro.local" failures="1" tests="3" name="Regression" time="0.041" errors="0" timestamp="2023-05-12T16:46:22 IST">
  <testcase classname="testNG.day2" name="ploan" time="0.007"/>
  <testcase classname="testNG.day4" name="mobileLoginHomeLoan" time="0.0"/>
  <testcase classname="testNG.day3" name="APILoginCarLoan" time="0.0">
    <failure type="org.testng.TestNGException" message="
Parameter &amp;apos;URL&amp;apos; is required by @Test on method APILoginCarLoan but has not been marked @Optional or defined
in /Users/guhananthansivakumar/Projects/eclipse-workspace/Introduction/testng3.xml">
      <![CDATA[org.testng.TestNGException: 
Parameter 'URL' is required by @Test on method APILoginCarLoan but has not been marked @Optional or defined
in /Users/guhananthansivakumar/Projects/eclipse-workspace/Introduction/testng3.xml
at java.base/java.util.ArrayList.forEach(ArrayList.java:1511)
... Removed 26 stack frames]]>
    </failure>
  </testcase> <!-- APILoginCarLoan -->
  <testcase classname="testNG.day4" name="mobileSignInHomeLoan" time="0.0">
    <ignored/>
  </testcase> <!-- mobileSignInHomeLoan -->
  <testcase classname="testNG.day4" name="webLoginHomeLoan" time="0.0">
    <ignored/>
  </testcase> <!-- webLoginHomeLoan -->
  <testcase classname="testNG.day3" name="mobileLoginCarLoan" time="0.0">
    <ignored/>
  </testcase> <!-- mobileLoginCarLoan -->
  <testcase classname="testNG.day1" name="secondTest" time="0.0">
    <ignored/>
  </testcase> <!-- secondTest -->
  <testcase classname="testNG.day4" name="mobileSignOutHomeLoan" time="0.0">
    <ignored/>
  </testcase> <!-- mobileSignOutHomeLoan -->
  <testcase classname="testNG.day3" name="mobileSignINCarLoan" time="0.0">
    <ignored/>
  </testcase> <!-- mobileSignINCarLoan -->
  <testcase classname="testNG.day1" name="Demo" time="0.0">
    <ignored/>
  </testcase> <!-- Demo -->
  <testcase classname="testNG.day3" name="webLoginCarLoan" time="0.0">
    <ignored/>
  </testcase> <!-- webLoginCarLoan -->
  <testcase classname="testNG.day4" name="APILoginHomeLoan" time="0.0">
    <ignored/>
  </testcase> <!-- APILoginHomeLoan -->
  <testcase classname="testNG.day3" name="mobileSignOutCarLoan" time="0.0">
    <ignored/>
  </testcase> <!-- mobileSignOutCarLoan -->
</testsuite> <!-- Regression -->
