<?xml version="1.0" encoding="UTF-8"?>
<!-- Generated by org.testng.reporters.JUnitXMLReporter -->
<testsuite ignored="8" hostname="Guhananthans-MacBook-Pro.local" failures="0" tests="3" name="Regression" time="0.048" errors="0" timestamp="2023-04-11T11:55:31 IST">
  <testcase classname="testNG.day2" name="ploan" time="0.007"/>
  <testcase classname="testNG.day4" name="mobileLoginHomeLoan" time="0.001"/>
  <testcase classname="testNG.day3" name="APILoginCarLoan" time="0.001"/>
  <testcase classname="testNG.day4" name="webLoginHomeLoan" time="0.0">
    <ignored/>
  </testcase> <!-- webLoginHomeLoan -->
  <testcase classname="testNG.day3" name="mobileLoginCarLoan" time="0.0">
    <ignored/>
  </testcase> <!-- mobileLoginCarLoan -->
  <testcase classname="testNG.day1" name="secondTest" time="0.0">
    <ignored/>
  </testcase> <!-- secondTest -->
  <testcase classname="testNG.day3" name="mobileSignINCarLoan" time="0.0">
    <ignored/>
  </testcase> <!-- mobileSignINCarLoan -->
  <testcase classname="testNG.day1" name="Demo" time="0.0">
    <ignored/>
  </testcase> <!-- Demo -->
  <testcase classname="testNG.day3" name="webLoginCarLoan" time="0.0">
    <ignored/>
  </testcase> <!-- webLoginCarLoan -->
  <testcase classname="testNG.day4" name="APILoginHomeLoan" time="0.0">
    <ignored/>
  </testcase> <!-- APILoginHomeLoan -->
  <testcase classname="testNG.day3" name="mobileSignOutCarLoan" time="0.0">
    <ignored/>
  </testcase> <!-- mobileSignOutCarLoan -->
</testsuite> <!-- Regression -->
