<?xml version="1.0" encoding="UTF-8"?>
<testng-results ignored="4" total="13" passed="9" failed="0" skipped="0">
  <reporter-output>
  </reporter-output>
  <suite started-at="2023-04-11T13:03:29 IST" name="Loan Department" finished-at="2023-04-11T13:03:29 IST" duration-ms="287">
    <groups>
      <group name="smoke">
        <method signature="day4.mobileLoginHomeLoan()[pri:0, instance:testNG.day4@485966cc]" name="mobileLoginHomeLoan" class="testNG.day4"/>
        <method signature="day2.ploan()[pri:0, instance:testNG.day2@d5b810e]" name="ploan" class="testNG.day2"/>
        <method signature="day3.APILoginCarLoan(java.lang.String)[pri:0, instance:testNG.day3@5a45133e]" name="APILoginCarLoan" class="testNG.day3"/>
      </group> <!-- smoke -->
    </groups>
    <test started-at="2023-04-11T13:03:29 IST" name="Personal Loan" finished-at="2023-04-11T13:03:29 IST" duration-ms="51">
      <class name="testNG.day4">
        <test-method signature="mobileLoginHomeLoan()[pri:0, instance:testNG.day4@485966cc]" started-at="2023-04-11T13:03:29 IST" name="mobileLoginHomeLoan" finished-at="2023-04-11T13:03:29 IST" duration-ms="1" status="PASS">
          <reporter-output>
          </reporter-output>
        </test-method> <!-- mobileLoginHomeLoan -->
        <test-method is-config="true" signature="beforeClass()[pri:0, instance:testNG.day4@485966cc]" started-at="2023-04-11T13:03:29 IST" name="beforeClass" finished-at="2023-04-11T13:03:29 IST" duration-ms="0" status="PASS">
          <reporter-output>
          </reporter-output>
        </test-method> <!-- beforeClass -->
        <test-method signature="mobileSignOutHomeLoan()[pri:0, instance:testNG.day4@485966cc]" started-at="2023-04-11T13:03:29 IST" name="mobileSignOutHomeLoan" finished-at="2023-04-11T13:03:29 IST" duration-ms="1" status="PASS">
          <reporter-output>
          </reporter-output>
        </test-method> <!-- mobileSignOutHomeLoan -->
        <test-method signature="webLoginHomeLoan(java.lang.String)[pri:0, instance:testNG.day4@485966cc]" started-at="2023-04-11T13:03:29 IST" name="webLoginHomeLoan" finished-at="2023-04-11T13:03:29 IST" duration-ms="1" status="PASS">
          <params>
            <param index="0">
              <value>
                <![CDATA[rahulshettyacademy.com]]>
              </value>
            </param>
          </params>
          <reporter-output>
          </reporter-output>
        </test-method> <!-- webLoginHomeLoan -->
        <test-method signature="mobileSignInHomeLoan()[pri:0, instance:testNG.day4@485966cc]" started-at="2023-04-11T13:03:29 IST" name="mobileSignInHomeLoan" finished-at="2023-04-11T13:03:29 IST" depends-on-methods="testNG.day4.mobileSignOutHomeLoan, testNG.day4.webLoginHomeLoan" duration-ms="1" status="PASS">
          <reporter-output>
          </reporter-output>
        </test-method> <!-- mobileSignInHomeLoan -->
        <test-method is-config="true" signature="afterClass()[pri:0, instance:testNG.day4@485966cc]" started-at="2023-04-11T13:03:29 IST" name="afterClass" finished-at="2023-04-11T13:03:29 IST" duration-ms="0" status="PASS">
          <reporter-output>
          </reporter-output>
        </test-method> <!-- afterClass -->
      </class> <!-- testNG.day4 -->
      <class name="testNG.day1">
        <test-method signature="Demo()[pri:0, instance:testNG.day1@52af26ee]" started-at="2023-04-11T13:03:29 IST" name="Demo" finished-at="2023-04-11T13:03:29 IST" duration-ms="4" status="PASS">
          <reporter-output>
          </reporter-output>
        </test-method> <!-- Demo -->
        <test-method signature="secondTest()[pri:0, instance:testNG.day1@52af26ee]" started-at="2023-04-11T13:03:29 IST" name="secondTest" finished-at="2023-04-11T13:03:29 IST" duration-ms="1" status="PASS">
          <reporter-output>
          </reporter-output>
        </test-method> <!-- secondTest -->
        <test-method is-config="true" signature="lastExceution()[pri:0, instance:testNG.day1@52af26ee]" started-at="2023-04-11T13:03:29 IST" name="lastExceution" finished-at="2023-04-11T13:03:29 IST" duration-ms="0" status="PASS">
          <reporter-output>
          </reporter-output>
        </test-method> <!-- lastExceution -->
      </class> <!-- testNG.day1 -->
      <class name="testNG.day2">
        <test-method is-config="true" signature="prequisites()[pri:0, instance:testNG.day2@d5b810e]" started-at="2023-04-11T13:03:29 IST" name="prequisites" finished-at="2023-04-11T13:03:29 IST" duration-ms="0" status="PASS">
          <reporter-output>
          </reporter-output>
        </test-method> <!-- prequisites -->
        <test-method signature="ploan()[pri:0, instance:testNG.day2@d5b810e]" started-at="2023-04-11T13:03:29 IST" name="ploan" finished-at="2023-04-11T13:03:29 IST" duration-ms="1" status="PASS">
          <reporter-output>
          </reporter-output>
        </test-method> <!-- ploan -->
      </class> <!-- testNG.day2 -->
    </test> <!-- Personal Loan -->
    <test started-at="2023-04-11T13:03:29 IST" name="Car Loan" finished-at="2023-04-11T13:03:29 IST" duration-ms="6">
      <class name="testNG.day3">
        <test-method is-config="true" signature="beforeEveryMethod()[pri:0, instance:testNG.day3@5a45133e]" started-at="2023-04-11T13:03:29 IST" name="beforeEveryMethod" finished-at="2023-04-11T13:03:29 IST" duration-ms="1" status="PASS">
          <reporter-output>
          </reporter-output>
        </test-method> <!-- beforeEveryMethod -->
        <test-method signature="APILoginCarLoan(java.lang.String)[pri:0, instance:testNG.day3@5a45133e]" started-at="2023-04-11T13:03:29 IST" name="APILoginCarLoan" finished-at="2023-04-11T13:03:29 IST" duration-ms="1" status="PASS">
          <params>
            <param index="0">
              <value>
                <![CDATA[carloan.com]]>
              </value>
            </param>
          </params>
          <reporter-output>
          </reporter-output>
        </test-method> <!-- APILoginCarLoan -->
        <test-method is-config="true" signature="afterEveryMethod()[pri:0, instance:testNG.day3@5a45133e]" started-at="2023-04-11T13:03:29 IST" name="afterEveryMethod" finished-at="2023-04-11T13:03:29 IST" duration-ms="0" status="PASS">
          <reporter-output>
          </reporter-output>
        </test-method> <!-- afterEveryMethod -->
        <test-method is-config="true" signature="beforeEveryMethod()[pri:0, instance:testNG.day3@5a45133e]" started-at="2023-04-11T13:03:29 IST" name="beforeEveryMethod" finished-at="2023-04-11T13:03:29 IST" duration-ms="1" status="PASS">
          <reporter-output>
          </reporter-output>
        </test-method> <!-- beforeEveryMethod -->
        <test-method signature="webLoginCarLoan()[pri:0, instance:testNG.day3@5a45133e]" started-at="2023-04-11T13:03:29 IST" name="webLoginCarLoan" finished-at="2023-04-11T13:03:29 IST" duration-ms="0" status="PASS">
          <reporter-output>
          </reporter-output>
        </test-method> <!-- webLoginCarLoan -->
        <test-method is-config="true" signature="afterEveryMethod()[pri:0, instance:testNG.day3@5a45133e]" started-at="2023-04-11T13:03:29 IST" name="afterEveryMethod" finished-at="2023-04-11T13:03:29 IST" duration-ms="0" status="PASS">
          <reporter-output>
          </reporter-output>
        </test-method> <!-- afterEveryMethod -->
        <test-method is-config="true" signature="afterSuite()[pri:0, instance:testNG.day3@5a45133e]" started-at="2023-04-11T13:03:29 IST" name="afterSuite" finished-at="2023-04-11T13:03:29 IST" duration-ms="0" status="PASS">
          <reporter-output>
          </reporter-output>
        </test-method> <!-- afterSuite -->
      </class> <!-- testNG.day3 -->
      <class name="testNG.day1">
        <test-method is-config="true" signature="beforeSuite()[pri:0, instance:testNG.day1@52af26ee]" started-at="2023-04-11T13:03:29 IST" name="beforeSuite" finished-at="2023-04-11T13:03:29 IST" duration-ms="6" status="PASS">
          <reporter-output>
          </reporter-output>
        </test-method> <!-- beforeSuite -->
      </class> <!-- testNG.day1 -->
    </test> <!-- Car Loan -->
  </suite> <!-- Loan Department -->
</testng-results>
