<?xml version="1.0" encoding="UTF-8"?>
<testng-results ignored="10" total="13" passed="2" failed="1" skipped="0">
  <reporter-output>
  </reporter-output>
  <suite started-at="2023-05-12T16:46:21 IST" name="Loan Department" finished-at="2023-05-12T16:46:21 IST" duration-ms="41">
    <groups>
      <group name="smoke">
        <method signature="day2.ploan()[pri:0, instance:testNG.day2@5ba3f27a]" name="ploan" class="testNG.day2"/>
        <method signature="day3.APILoginCarLoan(java.lang.String)[pri:0, instance:testNG.day3@6fd83fc1]" name="APILoginCarLoan" class="testNG.day3"/>
        <method signature="day4.mobileLoginHomeLoan()[pri:0, instance:testNG.day4@52af26ee]" name="mobileLoginHomeLoan" class="testNG.day4"/>
      </group> <!-- smoke -->
    </groups>
    <test started-at="2023-05-12T16:46:21 IST" name="Regression" finished-at="2023-05-12T16:46:21 IST" duration-ms="41">
      <class name="testNG.day3">
        <test-method signature="APILoginCarLoan(java.lang.String)[pri:0, instance:testNG.day3@6fd83fc1]" started-at="2023-05-12T16:46:21 IST" name="APILoginCarLoan" finished-at="2023-05-12T16:46:21 IST" duration-ms="0" status="FAIL">
          <exception class="org.testng.TestNGException">
            <message>
              <![CDATA[
Parameter 'URL' is required by @Test on method APILoginCarLoan but has not been marked @Optional or defined
in /Users/guhananthansivakumar/Projects/eclipse-workspace/Introduction/testng3.xml]]>
            </message>
            <full-stacktrace>
              <![CDATA[org.testng.TestNGException: 
Parameter 'URL' is required by @Test on method APILoginCarLoan but has not been marked @Optional or defined
in /Users/guhananthansivakumar/Projects/eclipse-workspace/Introduction/testng3.xml
at org.testng.internal.Parameters.createParams(Parameters.java:270)
at org.testng.internal.Parameters.createParametersForMethod(Parameters.java:358)
at org.testng.internal.Parameters.createParameters(Parameters.java:700)
at org.testng.internal.Parameters.handleParameters(Parameters.java:884)
at org.testng.internal.Parameters.handleParameters(Parameters.java:740)
at org.testng.internal.ParameterHandler.handleParameters(ParameterHandler.java:59)
at org.testng.internal.ParameterHandler.createParameters(ParameterHandler.java:38)
at org.testng.internal.TestInvoker$MethodInvocationAgent.invoke(TestInvoker.java:791)
at org.testng.internal.TestInvoker.invokeTestMethods(TestInvoker.java:146)
at org.testng.internal.TestMethodWorker.invokeTestMethods(TestMethodWorker.java:146)
at org.testng.internal.TestMethodWorker.run(TestMethodWorker.java:128)
at java.base/java.util.ArrayList.forEach(ArrayList.java:1511)
at org.testng.TestRunner.privateRun(TestRunner.java:794)
at org.testng.TestRunner.run(TestRunner.java:596)
at org.testng.SuiteRunner.runTest(SuiteRunner.java:377)
at org.testng.SuiteRunner.runSequentially(SuiteRunner.java:371)
at org.testng.SuiteRunner.privateRun(SuiteRunner.java:332)
at org.testng.SuiteRunner.run(SuiteRunner.java:276)
at org.testng.SuiteRunnerWorker.runSuite(SuiteRunnerWorker.java:53)
at org.testng.SuiteRunnerWorker.run(SuiteRunnerWorker.java:96)
at org.testng.TestNG.runSuitesSequentially(TestNG.java:1212)
at org.testng.TestNG.runSuitesLocally(TestNG.java:1134)
at org.testng.TestNG.runSuites(TestNG.java:1063)
at org.testng.TestNG.run(TestNG.java:1031)
at org.testng.remote.AbstractRemoteTestNG.run(AbstractRemoteTestNG.java:115)
at org.testng.remote.RemoteTestNG.initAndRun(RemoteTestNG.java:251)
at org.testng.remote.RemoteTestNG.main(RemoteTestNG.java:77)
]]>
            </full-stacktrace>
          </exception> <!-- org.testng.TestNGException -->
          <reporter-output>
          </reporter-output>
        </test-method> <!-- APILoginCarLoan -->
      </class> <!-- testNG.day3 -->
      <class name="testNG.day4">
        <test-method signature="mobileLoginHomeLoan()[pri:0, instance:testNG.day4@52af26ee]" started-at="2023-05-12T16:46:21 IST" name="mobileLoginHomeLoan" finished-at="2023-05-12T16:46:21 IST" duration-ms="0" status="PASS">
          <reporter-output>
          </reporter-output>
        </test-method> <!-- mobileLoginHomeLoan -->
      </class> <!-- testNG.day4 -->
      <class name="testNG.day2">
        <test-method signature="ploan()[pri:0, instance:testNG.day2@5ba3f27a]" started-at="2023-05-12T16:46:21 IST" name="ploan" finished-at="2023-05-12T16:46:21 IST" duration-ms="7" status="PASS">
          <reporter-output>
          </reporter-output>
        </test-method> <!-- ploan -->
      </class> <!-- testNG.day2 -->
    </test> <!-- Regression -->
  </suite> <!-- Loan Department -->
</testng-results>
